{"@timestamp":"2025-12-09T05:48:53.8134473Z","@version":"1","level":"INFO","message":"Starting PaymentsServiceApplication using Java 21.0.6 with PID 2200 (C:\\Users\\mahalakshmi.gopi\\git\\vfs\\visa-backend-services\\payments-service\\target\\classes started by mahalakshmi.gopi in C:\\Users\\mahalakshmi.gopi\\git\\vfs\\visa-backend-services\\payments-service)","service":"payments-service","thread":"main","logger":"c.v.p.PaymentsServiceApplication"}
{"@timestamp":"2025-12-09T05:48:53.8219503Z","@version":"1","level":"DEBUG","message":"Running with Spring Boot v3.2.0, Spring v6.1.1","service":"payments-service","thread":"main","logger":"c.v.p.PaymentsServiceApplication"}
{"@timestamp":"2025-12-09T05:48:53.8572132Z","@version":"1","level":"INFO","message":"No active profile set, falling back to 1 default profile: \"default\"","service":"payments-service","thread":"main","logger":"c.v.p.PaymentsServiceApplication"}
{"@timestamp":"2025-12-09T05:48:54.6894598Z","@version":"1","level":"INFO","message":"Bootstrapping Spring Data JPA repositories in DEFAULT mode.","service":"payments-service","thread":"main","logger":"o.s.d.r.c.RepositoryConfigurationDelegate"}
{"@timestamp":"2025-12-09T05:48:54.7508243Z","@version":"1","level":"INFO","message":"Finished Spring Data repository scanning in 52 ms. Found 3 JPA repository interfaces.","service":"payments-service","thread":"main","logger":"o.s.d.r.c.RepositoryConfigurationDelegate"}
{"@timestamp":"2025-12-09T05:48:56.2636505Z","@version":"1","level":"INFO","message":"Tomcat initialized with port 8092 (http)","service":"payments-service","thread":"main","logger":"o.s.b.w.e.tomcat.TomcatWebServer"}
{"@timestamp":"2025-12-09T05:48:56.2753421Z","@version":"1","level":"INFO","message":"Starting service [Tomcat]","service":"payments-service","thread":"main","logger":"o.a.catalina.core.StandardService"}
{"@timestamp":"2025-12-09T05:48:56.2763383Z","@version":"1","level":"INFO","message":"Starting Servlet engine: [Apache Tomcat/10.1.16]","service":"payments-service","thread":"main","logger":"o.a.catalina.core.StandardEngine"}
{"@timestamp":"2025-12-09T05:48:56.37117Z","@version":"1","level":"INFO","message":"Initializing Spring embedded WebApplicationContext","service":"payments-service","thread":"main","logger":"o.a.c.c.C.[Tomcat].[localhost].[/]"}
{"@timestamp":"2025-12-09T05:48:56.37117Z","@version":"1","level":"INFO","message":"Root WebApplicationContext: initialization completed in 2458 ms","service":"payments-service","thread":"main","logger":"o.s.b.w.s.c.ServletWebServerApplicationContext"}
{"@timestamp":"2025-12-09T05:48:56.6540759Z","@version":"1","level":"DEBUG","message":"Filter 'correlationIdFilter' configured for use","service":"payments-service","thread":"main","logger":"c.v.p.filter.CorrelationIdFilter"}
{"@timestamp":"2025-12-09T05:48:57.0382659Z","@version":"1","level":"INFO","message":"HikariPool-1 - Starting...","service":"payments-service","thread":"main","logger":"com.zaxxer.hikari.HikariDataSource"}
{"@timestamp":"2025-12-09T05:49:03.169858Z","@version":"1","level":"INFO","message":"HikariPool-1 - Added connection org.postgresql.jdbc.PgConnection@61bf405d","service":"payments-service","thread":"main","logger":"com.zaxxer.hikari.pool.HikariPool"}
{"@timestamp":"2025-12-09T05:49:03.1718507Z","@version":"1","level":"INFO","message":"HikariPool-1 - Start completed.","service":"payments-service","thread":"main","logger":"com.zaxxer.hikari.HikariDataSource"}
{"@timestamp":"2025-12-09T05:49:03.4330072Z","@version":"1","level":"INFO","message":"Database: jdbc:postgresql://dpg-d4pe89muk2gs73dcir30-a.singapore-postgres.render.com:5432/vams_c1jg (PostgreSQL 18.1)","service":"payments-service","thread":"main","logger":"org.flywaydb.core.FlywayExecutor"}
{"@timestamp":"2025-12-09T05:49:03.8716817Z","@version":"1","level":"WARN","message":"Flyway upgrade recommended: PostgreSQL 18.1 is newer than this version of Flyway and support has not been tested. The latest supported version of PostgreSQL is 16.","service":"payments-service","thread":"main","logger":"o.f.c.i.database.base.Database"}
{"@timestamp":"2025-12-09T05:49:04.6286401Z","@version":"1","level":"INFO","message":"Successfully validated 2 migrations (execution time 00:00.684s)","service":"payments-service","thread":"main","logger":"o.f.core.internal.command.DbValidate"}
{"@timestamp":"2025-12-09T05:49:06.8613582Z","@version":"1","level":"INFO","message":"Current version of schema \"public\": 1","service":"payments-service","thread":"main","logger":"o.f.core.internal.command.DbMigrate"}
{"@timestamp":"2025-12-09T05:49:06.9600983Z","@version":"1","level":"INFO","message":"Schema \"public\" is up to date. No migration necessary.","service":"payments-service","thread":"main","logger":"o.f.core.internal.command.DbMigrate"}
{"@timestamp":"2025-12-09T05:49:07.8203369Z","@version":"1","level":"INFO","message":"HHH000204: Processing PersistenceUnitInfo [name: default]","service":"payments-service","thread":"main","logger":"o.h.jpa.internal.util.LogHelper"}
{"@timestamp":"2025-12-09T05:49:07.8868189Z","@version":"1","level":"INFO","message":"HHH000412: Hibernate ORM core version 6.3.1.Final","service":"payments-service","thread":"main","logger":"org.hibernate.Version"}
{"@timestamp":"2025-12-09T05:49:07.9373496Z","@version":"1","level":"INFO","message":"HHH000026: Second-level cache disabled","service":"payments-service","thread":"main","logger":"o.h.c.i.RegionFactoryInitiator"}
{"@timestamp":"2025-12-09T05:49:08.2351047Z","@version":"1","level":"INFO","message":"No LoadTimeWeaver setup: ignoring JPA class transformer","service":"payments-service","thread":"main","logger":"o.s.o.j.p.SpringPersistenceUnitInfo"}
{"@timestamp":"2025-12-09T05:49:08.4726915Z","@version":"1","level":"WARN","message":"HHH90000025: PostgreSQLDialect does not need to be specified explicitly using 'hibernate.dialect' (remove the property setting and it will be selected by default)","service":"payments-service","thread":"main","logger":"org.hibernate.orm.deprecation"}
{"@timestamp":"2025-12-09T05:49:09.9077199Z","@version":"1","level":"INFO","message":"HHH000489: No JTA platform available (set 'hibernate.transaction.jta.platform' to enable JTA platform integration)","service":"payments-service","thread":"main","logger":"o.h.e.t.j.p.i.JtaPlatformInitiator"}
{"@timestamp":"2025-12-09T05:49:12.4835825Z","@version":"1","level":"INFO","message":"Initialized JPA EntityManagerFactory for persistence unit 'default'","service":"payments-service","thread":"main","logger":"o.s.o.j.LocalContainerEntityManagerFactoryBean"}
{"@timestamp":"2025-12-09T05:49:13.5343713Z","@version":"1","level":"WARN","message":"spring.jpa.open-in-view is enabled by default. Therefore, database queries may be performed during view rendering. Explicitly configure spring.jpa.open-in-view to disable this warning","service":"payments-service","thread":"main","logger":"o.s.b.a.o.j.JpaBaseConfiguration$JpaWebConfiguration"}
{"@timestamp":"2025-12-09T05:49:14.9632147Z","@version":"1","level":"INFO","message":"Exposing 2 endpoint(s) beneath base path '/actuator'","service":"payments-service","thread":"main","logger":"o.s.b.a.e.web.EndpointLinksResolver"}
{"@timestamp":"2025-12-09T05:49:15.1140249Z","@version":"1","level":"INFO","message":"Tomcat started on port 8092 (http) with context path ''","service":"payments-service","thread":"main","logger":"o.s.b.w.e.tomcat.TomcatWebServer"}
{"@timestamp":"2025-12-09T05:49:15.1420633Z","@version":"1","level":"INFO","message":"Started PaymentsServiceApplication in 22.095 seconds (process running for 22.614)","service":"payments-service","thread":"main","logger":"c.v.p.PaymentsServiceApplication"}
{"@timestamp":"2025-12-09T05:49:23.6307985Z","@version":"1","level":"INFO","message":"Initializing Spring DispatcherServlet 'dispatcherServlet'","service":"payments-service","thread":"http-nio-8092-exec-1","logger":"o.a.c.c.C.[Tomcat].[localhost].[/]"}
{"@timestamp":"2025-12-09T05:49:23.6318854Z","@version":"1","level":"INFO","message":"Initializing Servlet 'dispatcherServlet'","service":"payments-service","thread":"http-nio-8092-exec-1","logger":"o.s.web.servlet.DispatcherServlet"}
{"@timestamp":"2025-12-09T05:49:23.6327933Z","@version":"1","level":"INFO","message":"Completed initialization in 1 ms","service":"payments-service","thread":"http-nio-8092-exec-1","logger":"o.s.web.servlet.DispatcherServlet"}
{"@timestamp":"2025-12-09T05:49:23.7877413Z","@version":"1","level":"DEBUG","message":"Processing payment for booking booking-123456","traceId":"c75ba7d5-a955-4846-8fef-f63da65bcd5d","correlationId":"c75ba7d5-a955-4846-8fef-f63da65bcd5d","service":"payments-service","thread":"http-nio-8092-exec-1","logger":"c.v.p.controller.PaymentController"}
{"@timestamp":"2025-12-09T05:49:24.0375134Z","@version":"1","level":"WARN","message":"Illegal argument exception: Invalid UUID string: booking-123456","traceId":"c75ba7d5-a955-4846-8fef-f63da65bcd5d","correlationId":"c75ba7d5-a955-4846-8fef-f63da65bcd5d","service":"payments-service","thread":"http-nio-8092-exec-1","logger":"c.v.p.e.GlobalExceptionHandler"}
