{"@timestamp":"2025-12-09T05:02:17.1071147Z","@version":"1","level":"INFO","message":"Starting ValueAddedServicesServiceApplication using Java 21.0.6 with PID 14240 (C:\\Users\\mahalakshmi.gopi\\git\\vfs\\visa-backend-services\\value-added-services-service\\target\\classes started by mahalakshmi.gopi in C:\\Users\\mahalakshmi.gopi\\git\\vfs\\visa-backend-services\\value-added-services-service)","service":"value-added-services-service","thread":"main","logger":"c.v.v.ValueAddedServicesServiceApplication"}
{"@timestamp":"2025-12-09T05:02:17.1267436Z","@version":"1","level":"DEBUG","message":"Running with Spring Boot v3.2.0, Spring v6.1.1","service":"value-added-services-service","thread":"main","logger":"c.v.v.ValueAddedServicesServiceApplication"}
{"@timestamp":"2025-12-09T05:02:17.1277409Z","@version":"1","level":"INFO","message":"No active profile set, falling back to 1 default profile: \"default\"","service":"value-added-services-service","thread":"main","logger":"c.v.v.ValueAddedServicesServiceApplication"}
{"@timestamp":"2025-12-09T05:02:19.2889009Z","@version":"1","level":"INFO","message":"Bootstrapping Spring Data JPA repositories in DEFAULT mode.","service":"value-added-services-service","thread":"main","logger":"o.s.d.r.c.RepositoryConfigurationDelegate"}
{"@timestamp":"2025-12-09T05:02:19.3736753Z","@version":"1","level":"INFO","message":"Finished Spring Data repository scanning in 69 ms. Found 1 JPA repository interface.","service":"value-added-services-service","thread":"main","logger":"o.s.d.r.c.RepositoryConfigurationDelegate"}
{"@timestamp":"2025-12-09T05:02:22.1448496Z","@version":"1","level":"INFO","message":"Tomcat initialized with port 8090 (http)","service":"value-added-services-service","thread":"main","logger":"o.s.b.w.e.tomcat.TomcatWebServer"}
{"@timestamp":"2025-12-09T05:02:22.1662666Z","@version":"1","level":"INFO","message":"Starting service [Tomcat]","service":"value-added-services-service","thread":"main","logger":"o.a.catalina.core.StandardService"}
{"@timestamp":"2025-12-09T05:02:22.1672651Z","@version":"1","level":"INFO","message":"Starting Servlet engine: [Apache Tomcat/10.1.16]","service":"value-added-services-service","thread":"main","logger":"o.a.catalina.core.StandardEngine"}
{"@timestamp":"2025-12-09T05:02:22.551219Z","@version":"1","level":"INFO","message":"Initializing Spring embedded WebApplicationContext","service":"value-added-services-service","thread":"main","logger":"o.a.c.c.C.[Tomcat].[localhost].[/]"}
{"@timestamp":"2025-12-09T05:02:22.5527668Z","@version":"1","level":"INFO","message":"Root WebApplicationContext: initialization completed in 5252 ms","service":"value-added-services-service","thread":"main","logger":"o.s.b.w.s.c.ServletWebServerApplicationContext"}
{"@timestamp":"2025-12-09T05:02:23.4481176Z","@version":"1","level":"DEBUG","message":"Filter 'correlationIdFilter' configured for use","service":"value-added-services-service","thread":"main","logger":"c.v.v.filter.CorrelationIdFilter"}
{"@timestamp":"2025-12-09T05:02:24.109841Z","@version":"1","level":"INFO","message":"HikariPool-1 - Starting...","service":"value-added-services-service","thread":"main","logger":"com.zaxxer.hikari.HikariDataSource"}
{"@timestamp":"2025-12-09T05:02:25.8607054Z","@version":"1","level":"INFO","message":"HikariPool-1 - Added connection org.postgresql.jdbc.PgConnection@57f725b8","service":"value-added-services-service","thread":"main","logger":"com.zaxxer.hikari.pool.HikariPool"}
{"@timestamp":"2025-12-09T05:02:25.8626981Z","@version":"1","level":"INFO","message":"HikariPool-1 - Start completed.","service":"value-added-services-service","thread":"main","logger":"com.zaxxer.hikari.HikariDataSource"}
{"@timestamp":"2025-12-09T05:02:26.0007616Z","@version":"1","level":"INFO","message":"Database: jdbc:postgresql://dpg-d4pe89muk2gs73dcir30-a.singapore-postgres.render.com:5432/vams_c1jg (PostgreSQL 18.1)","service":"value-added-services-service","thread":"main","logger":"org.flywaydb.core.FlywayExecutor"}
{"@timestamp":"2025-12-09T05:02:26.3365083Z","@version":"1","level":"WARN","message":"Flyway upgrade recommended: PostgreSQL 18.1 is newer than this version of Flyway and support has not been tested. The latest supported version of PostgreSQL is 16.","service":"value-added-services-service","thread":"main","logger":"o.f.c.i.database.base.Database"}
{"@timestamp":"2025-12-09T05:02:26.6744096Z","@version":"1","level":"INFO","message":"Successfully validated 2 migrations (execution time 00:00.273s)","service":"value-added-services-service","thread":"main","logger":"o.f.core.internal.command.DbValidate"}
{"@timestamp":"2025-12-09T05:02:27.2600645Z","@version":"1","level":"INFO","message":"Current version of schema \"public\": 1","service":"value-added-services-service","thread":"main","logger":"o.f.core.internal.command.DbMigrate"}
{"@timestamp":"2025-12-09T05:02:27.3567923Z","@version":"1","level":"INFO","message":"Schema \"public\" is up to date. No migration necessary.","service":"value-added-services-service","thread":"main","logger":"o.f.core.internal.command.DbMigrate"}
{"@timestamp":"2025-12-09T05:02:27.8440765Z","@version":"1","level":"INFO","message":"HHH000204: Processing PersistenceUnitInfo [name: default]","service":"value-added-services-service","thread":"main","logger":"o.h.jpa.internal.util.LogHelper"}
{"@timestamp":"2025-12-09T05:02:27.9494621Z","@version":"1","level":"INFO","message":"HHH000412: Hibernate ORM core version 6.3.1.Final","service":"value-added-services-service","thread":"main","logger":"org.hibernate.Version"}
{"@timestamp":"2025-12-09T05:02:28.0477743Z","@version":"1","level":"INFO","message":"HHH000026: Second-level cache disabled","service":"value-added-services-service","thread":"main","logger":"o.h.c.i.RegionFactoryInitiator"}
{"@timestamp":"2025-12-09T05:02:28.5129172Z","@version":"1","level":"INFO","message":"No LoadTimeWeaver setup: ignoring JPA class transformer","service":"value-added-services-service","thread":"main","logger":"o.s.o.j.p.SpringPersistenceUnitInfo"}
{"@timestamp":"2025-12-09T05:02:28.6900015Z","@version":"1","level":"WARN","message":"HHH90000025: PostgreSQLDialect does not need to be specified explicitly using 'hibernate.dialect' (remove the property setting and it will be selected by default)","service":"value-added-services-service","thread":"main","logger":"org.hibernate.orm.deprecation"}
{"@timestamp":"2025-12-09T05:02:30.1234057Z","@version":"1","level":"INFO","message":"HHH000489: No JTA platform available (set 'hibernate.transaction.jta.platform' to enable JTA platform integration)","service":"value-added-services-service","thread":"main","logger":"o.h.e.t.j.p.i.JtaPlatformInitiator"}
{"@timestamp":"2025-12-09T05:02:32.2801359Z","@version":"1","level":"INFO","message":"Initialized JPA EntityManagerFactory for persistence unit 'default'","service":"value-added-services-service","thread":"main","logger":"o.s.o.j.LocalContainerEntityManagerFactoryBean"}
{"@timestamp":"2025-12-09T05:02:32.980003Z","@version":"1","level":"INFO","message":"Hibernate is in classpath; If applicable, HQL parser will be used.","service":"value-added-services-service","thread":"main","logger":"o.s.d.j.r.query.QueryEnhancerFactory"}
{"@timestamp":"2025-12-09T05:02:34.6604856Z","@version":"1","level":"WARN","message":"spring.jpa.open-in-view is enabled by default. Therefore, database queries may be performed during view rendering. Explicitly configure spring.jpa.open-in-view to disable this warning","service":"value-added-services-service","thread":"main","logger":"o.s.b.a.o.j.JpaBaseConfiguration$JpaWebConfiguration"}
{"@timestamp":"2025-12-09T05:02:36.616865Z","@version":"1","level":"INFO","message":"Exposing 2 endpoint(s) beneath base path '/actuator'","service":"value-added-services-service","thread":"main","logger":"o.s.b.a.e.web.EndpointLinksResolver"}
{"@timestamp":"2025-12-09T05:02:36.8499749Z","@version":"1","level":"INFO","message":"Tomcat started on port 8090 (http) with context path ''","service":"value-added-services-service","thread":"main","logger":"o.s.b.w.e.tomcat.TomcatWebServer"}
{"@timestamp":"2025-12-09T05:02:36.8771115Z","@version":"1","level":"INFO","message":"Started ValueAddedServicesServiceApplication in 21.367 seconds (process running for 22.394)","service":"value-added-services-service","thread":"main","logger":"c.v.v.ValueAddedServicesServiceApplication"}
